  PluginProcessor.cpp
  PluginEditor.cpp
  include_juce_audio_basics.cpp
  include_juce_audio_devices.cpp
  include_juce_audio_formats.cpp
  include_juce_audio_plugin_client_ARA.cpp
  include_juce_audio_processors_ara.cpp
  include_juce_audio_processors_lv2_libs.cpp
  include_juce_audio_utils.cpp
  include_juce_core_CompilationTime.cpp
  include_juce_data_structures.cpp
  include_juce_dsp.cpp
  include_juce_events.cpp
  include_juce_graphics_Harfbuzz.cpp
  include_juce_gui_extra.cpp
C:\Users\eduho\Documents\MRedSolutions\MRedVocalChain\Source\PluginProcessor.cpp(80,59): warning C4100: 'index': unreferenced parameter
C:\Users\eduho\Documents\MRedSolutions\MRedVocalChain\Source\PluginProcessor.cpp(84,70): warning C4100: 'index': unreferenced parameter
C:\Users\eduho\Documents\MRedSolutions\MRedVocalChain\Source\PluginProcessor.cpp(89,86): warning C4100: 'newName': unreferenced parameter
C:\Users\eduho\Documents\MRedSolutions\MRedVocalChain\Source\PluginProcessor.cpp(89,59): warning C4100: 'index': unreferenced parameter
C:\Users\eduho\Documents\MRedSolutions\MRedVocalChain\Source\PluginProcessor.cpp(94,74): warning C4100: 'samplesPerBlock': unreferenced parameter
C:\Users\eduho\Documents\MRedSolutions\MRedVocalChain\Source\PluginProcessor.cpp(94,58): warning C4100: 'sampleRate': unreferenced parameter
C:\Users\eduho\Documents\MRedSolutions\MRedVocalChain\Source\PluginProcessor.cpp(132,102): warning C4100: 'midiMessages': unreferenced parameter
C:\Users\eduho\Documents\MRedSolutions\MRedVocalChain\Source\PluginProcessor.cpp(155,15): warning C4189: 'channelData': local variable is initialized but not referenced
C:\Users\eduho\Documents\MRedSolutions\MRedVocalChain\Source\PluginProcessor.cpp(173,76): warning C4100: 'destData': unreferenced parameter
C:\Users\eduho\Documents\MRedSolutions\MRedVocalChain\Source\PluginProcessor.cpp(180,79): warning C4100: 'sizeInBytes': unreferenced parameter
C:\Users\eduho\Documents\MRedSolutions\MRedVocalChain\Source\PluginProcessor.cpp(180,69): warning C4100: 'data': unreferenced parameter
  include_juce_audio_processors.cpp
  include_juce_core.cpp
  include_juce_graphics.cpp
  include_juce_gui_basics.cpp
  include_juce_graphics_Sheenbidi.c
  MRedVocalChain_SharedCode.vcxproj -> C:\Users\eduho\Documents\MRedSolutions\MRedVocalChain\Builds\VisualStudio2022\x64\Debug\Shared Code\MRedVocalChain.lib
