c:\users\eduho\documents\mredsolutions\mredvocalchain\builds\visualstudio2022\x64\debug\shared code\include_juce_graphics_sheenbidi.obj
c:\users\eduho\documents\mredsolutions\mredvocalchain\builds\visualstudio2022\x64\debug\shared code\include_juce_graphics_harfbuzz.obj
c:\users\eduho\documents\mredsolutions\mredvocalchain\builds\visualstudio2022\x64\debug\shared code\include_juce_gui_extra.obj
c:\users\eduho\documents\mredsolutions\mredvocalchain\builds\visualstudio2022\x64\debug\shared code\pluginprocessor.obj
c:\users\eduho\documents\mredsolutions\mredvocalchain\builds\visualstudio2022\x64\debug\shared code\include_juce_events.obj
c:\users\eduho\documents\mredsolutions\mredvocalchain\builds\visualstudio2022\x64\debug\shared code\include_juce_core_compilationtime.obj
c:\users\eduho\documents\mredsolutions\mredvocalchain\builds\visualstudio2022\x64\debug\shared code\include_juce_audio_devices.obj
c:\users\eduho\documents\mredsolutions\mredvocalchain\builds\visualstudio2022\x64\debug\shared code\include_juce_audio_basics.obj
c:\users\eduho\documents\mredsolutions\mredvocalchain\builds\visualstudio2022\x64\debug\shared code\include_juce_audio_formats.obj
c:\users\eduho\documents\mredsolutions\mredvocalchain\builds\visualstudio2022\x64\debug\shared code\include_juce_dsp.obj
c:\users\eduho\documents\mredsolutions\mredvocalchain\builds\visualstudio2022\x64\debug\shared code\include_juce_audio_utils.obj
c:\users\eduho\documents\mredsolutions\mredvocalchain\builds\visualstudio2022\x64\debug\shared code\include_juce_audio_plugin_client_ara.obj
c:\users\eduho\documents\mredsolutions\mredvocalchain\builds\visualstudio2022\x64\debug\shared code\plugineditor.obj
c:\users\eduho\documents\mredsolutions\mredvocalchain\builds\visualstudio2022\x64\debug\shared code\include_juce_audio_processors_lv2_libs.obj
c:\users\eduho\documents\mredsolutions\mredvocalchain\builds\visualstudio2022\x64\debug\shared code\include_juce_data_structures.obj
c:\users\eduho\documents\mredsolutions\mredvocalchain\builds\visualstudio2022\x64\debug\shared code\include_juce_audio_processors_ara.obj
c:\users\eduho\documents\mredsolutions\mredvocalchain\builds\visualstudio2022\x64\debug\shared code\include_juce_audio_processors.obj
c:\users\eduho\documents\mredsolutions\mredvocalchain\builds\visualstudio2022\x64\debug\shared code\include_juce_gui_basics.obj
c:\users\eduho\documents\mredsolutions\mredvocalchain\builds\visualstudio2022\x64\debug\shared code\include_juce_core.obj
c:\users\eduho\documents\mredsolutions\mredvocalchain\builds\visualstudio2022\x64\debug\shared code\include_juce_graphics.obj
c:\users\eduho\documents\mredsolutions\mredvocalchain\builds\visualstudio2022\x64\debug\shared code\mredvocalchain.lib
c:\users\eduho\documents\mredsolutions\mredvocalchain\builds\visualstudio2022\x64\debug\shared code\mredvoca.29ff3588.tlog\cl.command.1.tlog
c:\users\eduho\documents\mredsolutions\mredvocalchain\builds\visualstudio2022\x64\debug\shared code\mredvoca.29ff3588.tlog\cl.items.tlog
c:\users\eduho\documents\mredsolutions\mredvocalchain\builds\visualstudio2022\x64\debug\shared code\mredvoca.29ff3588.tlog\cl.read.1.tlog
c:\users\eduho\documents\mredsolutions\mredvocalchain\builds\visualstudio2022\x64\debug\shared code\mredvoca.29ff3588.tlog\cl.write.1.tlog
c:\users\eduho\documents\mredsolutions\mredvocalchain\builds\visualstudio2022\x64\debug\shared code\mredvoca.29ff3588.tlog\lib-link.read.1.tlog
c:\users\eduho\documents\mredsolutions\mredvocalchain\builds\visualstudio2022\x64\debug\shared code\mredvoca.29ff3588.tlog\lib-link.write.1.tlog
c:\users\eduho\documents\mredsolutions\mredvocalchain\builds\visualstudio2022\x64\debug\shared code\mredvoca.29ff3588.tlog\lib.command.1.tlog
